<?xml version="1.0" encoding="UTF-8"?>
<testsuite name="evenT.happy.HappyApplicationTests" tests="1" skipped="0" failures="0" errors="0" timestamp="2024-12-23T20:49:41" hostname="DESKTOP-PM9TRCH" time="0.21">
  <properties/>
  <testcase name="contextLoads()" classname="evenT.happy.HappyApplicationTests" time="0.21"/>
  <system-out><![CDATA[Standard Commons Logging discovery in action with spring-jcl: please remove commons-logging.jar from classpath in order to avoid potential conflicts
05:48:46.894 [Test worker] INFO org.springframework.test.context.support.AnnotationConfigContextLoaderUtils -- Could not detect default configuration classes for test class [evenT.happy.HappyApplicationTests]: HappyApplicationTests does not declare any static, non-private, non-final, nested classes annotated with @Configuration.
05:48:50.469 [Test worker] INFO org.springframework.boot.test.context.SpringBootTestContextBootstrapper -- Found @SpringBootConfiguration evenT.happy.HappyApplication for test class evenT.happy.HappyApplicationTests

  .   ____          _            __ _ _
 /\\ / ___'_ __ _ _(_)_ __  __ _ \ \ \ \
( ( )\___ | '_ | '_| | '_ \/ _` | \ \ \ \
 \\/  ___)| |_)| | | | | || (_| |  ) ) ) )
  '  |____| .__|_| |_|_| |_\__, | / / / /
 =========|_|==============|___/=/_/_/_/

 :: Spring Boot ::                (v3.3.5)

2024-12-24T05:48:56.082+09:00  INFO 24032 --- [    Test worker] evenT.happy.HappyApplicationTests        : Starting HappyApplicationTests using Java 17.0.12 with PID 24032 (started by isaac in C:\Users\isaac\OneDrive\바탕 화면\evenT\happy)
2024-12-24T05:48:56.089+09:00  INFO 24032 --- [    Test worker] evenT.happy.HappyApplicationTests        : No active profile set, falling back to 1 default profile: "default"
2024-12-24T05:49:02.066+09:00  INFO 24032 --- [    Test worker] .s.d.r.c.RepositoryConfigurationDelegate : Bootstrapping Spring Data MongoDB repositories in DEFAULT mode.
2024-12-24T05:49:03.979+09:00  INFO 24032 --- [    Test worker] .s.d.r.c.RepositoryConfigurationDelegate : Finished Spring Data repository scanning in 1890 ms. Found 7 MongoDB repository interfaces.
2024-12-24T05:49:15.711+09:00  INFO 24032 --- [l1u.mongodb.net] org.mongodb.driver.cluster               : Adding discovered server isaac-shard-00-00.2ql1u.mongodb.net:27017 to client view of cluster
2024-12-24T05:49:16.075+09:00  INFO 24032 --- [    Test worker] org.mongodb.driver.client                : MongoClient with metadata {"application": {"name": "isaac"}, "driver": {"name": "mongo-java-driver|sync|spring-boot", "version": "5.0.1"}, "os": {"type": "Windows", "name": "Windows 11", "architecture": "amd64", "version": "10.0"}, "platform": "Java/Amazon.com Inc./17.0.12+7-LTS"} created with settings MongoClientSettings{readPreference=primary, writeConcern=WriteConcern{w=majority, wTimeout=null ms, journal=null}, retryWrites=true, retryReads=true, readConcern=ReadConcern{level=null}, credential=MongoCredential{mechanism=null, userName='isaac815', source='admin', password=<hidden>, mechanismProperties=<hidden>}, transportSettings=null, commandListeners=[], codecRegistry=ProvidersCodecRegistry{codecProviders=[ValueCodecProvider{}, BsonValueCodecProvider{}, DBRefCodecProvider{}, DBObjectCodecProvider{}, DocumentCodecProvider{}, CollectionCodecProvider{}, IterableCodecProvider{}, MapCodecProvider{}, GeoJsonCodecProvider{}, GridFSFileCodecProvider{}, Jsr310CodecProvider{}, JsonObjectCodecProvider{}, BsonCodecProvider{}, EnumCodecProvider{}, com.mongodb.client.model.mql.ExpressionCodecProvider@611587f7, com.mongodb.Jep395RecordCodecProvider@4d0abb23, com.mongodb.KotlinCodecProvider@6ab1f85b]}, loggerSettings=LoggerSettings{maxDocumentLength=1000}, clusterSettings={hosts=[127.0.0.1:27017], srvHost=isaac.2ql1u.mongodb.net, srvServiceName=mongodb, mode=MULTIPLE, requiredClusterType=REPLICA_SET, requiredReplicaSetName='atlas-14hrmc-shard-0', serverSelector='null', clusterListeners='[]', serverSelectionTimeout='30000 ms', localThreshold='15 ms'}, socketSettings=SocketSettings{connectTimeoutMS=10000, readTimeoutMS=0, receiveBufferSize=0, proxySettings=ProxySettings{host=null, port=null, username=null, password=null}}, heartbeatSocketSettings=SocketSettings{connectTimeoutMS=10000, readTimeoutMS=10000, receiveBufferSize=0, proxySettings=ProxySettings{host=null, port=null, username=null, password=null}}, connectionPoolSettings=ConnectionPoolSettings{maxSize=100, minSize=0, maxWaitTimeMS=120000, maxConnectionLifeTimeMS=0, maxConnectionIdleTimeMS=0, maintenanceInitialDelayMS=0, maintenanceFrequencyMS=60000, connectionPoolListeners=[], maxConnecting=2}, serverSettings=ServerSettings{heartbeatFrequencyMS=10000, minHeartbeatFrequencyMS=500, serverListeners='[]', serverMonitorListeners='[]'}, sslSettings=SslSettings{enabled=true, invalidHostNameAllowed=false, context=null}, applicationName='isaac', compressorList=[], uuidRepresentation=JAVA_LEGACY, serverApi=null, autoEncryptionSettings=null, dnsClient=null, inetAddressResolver=null, contextProvider=null}
2024-12-24T05:49:16.090+09:00  INFO 24032 --- [l1u.mongodb.net] org.mongodb.driver.cluster               : Adding discovered server isaac-shard-00-01.2ql1u.mongodb.net:27017 to client view of cluster
2024-12-24T05:49:16.118+09:00  INFO 24032 --- [l1u.mongodb.net] org.mongodb.driver.cluster               : Adding discovered server isaac-shard-00-02.2ql1u.mongodb.net:27017 to client view of cluster
2024-12-24T05:49:18.432+09:00  INFO 24032 --- [ngodb.net:27017] org.mongodb.driver.cluster               : Monitor thread successfully connected to server with description ServerDescription{address=isaac-shard-00-01.2ql1u.mongodb.net:27017, type=REPLICA_SET_SECONDARY, state=CONNECTED, ok=true, minWireVersion=0, maxWireVersion=25, maxDocumentSize=16777216, logicalSessionTimeoutMinutes=30, roundTripTimeNanos=1138935600, setName='atlas-14hrmc-shard-0', canonicalAddress=isaac-shard-00-01.2ql1u.mongodb.net:27017, hosts=[isaac-shard-00-02.2ql1u.mongodb.net:27017, isaac-shard-00-01.2ql1u.mongodb.net:27017, isaac-shard-00-00.2ql1u.mongodb.net:27017], passives=[], arbiters=[], primary='isaac-shard-00-02.2ql1u.mongodb.net:27017', tagSet=TagSet{[Tag{name='availabilityZone', value='apne2-az3'}, Tag{name='diskState', value='READY'}, Tag{name='nodeType', value='ELECTABLE'}, Tag{name='provider', value='AWS'}, Tag{name='region', value='AP_NORTHEAST_2'}, Tag{name='workloadType', value='OPERATIONAL'}]}, electionId=null, setVersion=24, topologyVersion=TopologyVersion{processId=67690fba03ce0327787d1366, counter=3}, lastWriteDate=Tue Dec 24 05:49:18 KST 2024, lastUpdateTimeNanos=110920805140100}
2024-12-24T05:49:18.450+09:00  INFO 24032 --- [ngodb.net:27017] org.mongodb.driver.cluster               : Monitor thread successfully connected to server with description ServerDescription{address=isaac-shard-00-02.2ql1u.mongodb.net:27017, type=REPLICA_SET_PRIMARY, state=CONNECTED, ok=true, minWireVersion=0, maxWireVersion=25, maxDocumentSize=16777216, logicalSessionTimeoutMinutes=30, roundTripTimeNanos=1163229900, setName='atlas-14hrmc-shard-0', canonicalAddress=isaac-shard-00-02.2ql1u.mongodb.net:27017, hosts=[isaac-shard-00-02.2ql1u.mongodb.net:27017, isaac-shard-00-01.2ql1u.mongodb.net:27017, isaac-shard-00-00.2ql1u.mongodb.net:27017], passives=[], arbiters=[], primary='isaac-shard-00-02.2ql1u.mongodb.net:27017', tagSet=TagSet{[Tag{name='availabilityZone', value='apne2-az2'}, Tag{name='diskState', value='READY'}, Tag{name='nodeType', value='ELECTABLE'}, Tag{name='provider', value='AWS'}, Tag{name='region', value='AP_NORTHEAST_2'}, Tag{name='workloadType', value='OPERATIONAL'}]}, electionId=7fffffff00000000000000b7, setVersion=24, topologyVersion=TopologyVersion{processId=67690d9f0f25bb9929df4505, counter=6}, lastWriteDate=Tue Dec 24 05:49:18 KST 2024, lastUpdateTimeNanos=110920829376800}
2024-12-24T05:49:18.452+09:00  INFO 24032 --- [ngodb.net:27017] org.mongodb.driver.cluster               : Monitor thread successfully connected to server with description ServerDescription{address=isaac-shard-00-00.2ql1u.mongodb.net:27017, type=REPLICA_SET_SECONDARY, state=CONNECTED, ok=true, minWireVersion=0, maxWireVersion=25, maxDocumentSize=16777216, logicalSessionTimeoutMinutes=30, roundTripTimeNanos=1165542600, setName='atlas-14hrmc-shard-0', canonicalAddress=isaac-shard-00-00.2ql1u.mongodb.net:27017, hosts=[isaac-shard-00-02.2ql1u.mongodb.net:27017, isaac-shard-00-01.2ql1u.mongodb.net:27017, isaac-shard-00-00.2ql1u.mongodb.net:27017], passives=[], arbiters=[], primary='isaac-shard-00-02.2ql1u.mongodb.net:27017', tagSet=TagSet{[Tag{name='availabilityZone', value='apne2-az1'}, Tag{name='diskState', value='READY'}, Tag{name='nodeType', value='ELECTABLE'}, Tag{name='provider', value='AWS'}, Tag{name='region', value='AP_NORTHEAST_2'}, Tag{name='workloadType', value='OPERATIONAL'}]}, electionId=null, setVersion=24, topologyVersion=TopologyVersion{processId=67690e6c7b6189b3bf618cf2, counter=4}, lastWriteDate=Tue Dec 24 05:49:18 KST 2024, lastUpdateTimeNanos=110920831675400}
2024-12-24T05:49:18.458+09:00  INFO 24032 --- [ngodb.net:27017] org.mongodb.driver.cluster               : Discovered replica set primary isaac-shard-00-02.2ql1u.mongodb.net:27017 with max election id 7fffffff00000000000000b7 and max set version 24
2024-12-24T05:49:21.615+09:00 DEBUG 24032 --- [    Test worker] swordEncoderAuthenticationManagerBuilder : No authenticationProviders and no parentAuthenticationManager defined. Returning null.
2024-12-24T05:49:30.817+09:00 DEBUG 24032 --- [    Test worker] o.s.s.web.DefaultSecurityFilterChain     : Will secure any request with filters: DisableEncodeUrlFilter, WebAsyncManagerIntegrationFilter, SecurityContextHolderFilter, HeaderWriterFilter, LogoutFilter, RequestCacheAwareFilter, SecurityContextHolderAwareRequestFilter, AnonymousAuthenticationFilter, ExceptionTranslationFilter, AuthorizationFilter
2024-12-24T05:49:41.186+09:00  INFO 24032 --- [    Test worker] evenT.happy.HappyApplicationTests        : Started HappyApplicationTests in 47.853 seconds (process running for 66.621)
]]></system-out>
  <system-err><![CDATA[]]></system-err>
</testsuite>
