<?xml version="1.0" encoding="UTF-8"?>
<testsuite name="evenT.happy.HappyApplicationTests" tests="1" skipped="0" failures="0" errors="0" timestamp="2024-12-18T12:27:01" hostname="DESKTOP-PM9TRCH" time="0.054">
  <properties/>
  <testcase name="contextLoads()" classname="evenT.happy.HappyApplicationTests" time="0.054"/>
  <system-out><![CDATA[Standard Commons Logging discovery in action with spring-jcl: please remove commons-logging.jar from classpath in order to avoid potential conflicts
21:26:44.752 [Test worker] INFO org.springframework.test.context.support.AnnotationConfigContextLoaderUtils -- Could not detect default configuration classes for test class [evenT.happy.HappyApplicationTests]: HappyApplicationTests does not declare any static, non-private, non-final, nested classes annotated with @Configuration.
21:26:45.090 [Test worker] INFO org.springframework.boot.test.context.SpringBootTestContextBootstrapper -- Found @SpringBootConfiguration evenT.happy.HappyApplication for test class evenT.happy.HappyApplicationTests

  .   ____          _            __ _ _
 /\\ / ___'_ __ _ _(_)_ __  __ _ \ \ \ \
( ( )\___ | '_ | '_| | '_ \/ _` | \ \ \ \
 \\/  ___)| |_)| | | | | || (_| |  ) ) ) )
  '  |____| .__|_| |_|_| |_\__, | / / / /
 =========|_|==============|___/=/_/_/_/

 :: Spring Boot ::                (v3.3.5)

2024-12-18T21:26:46.129+09:00  INFO 18716 --- [    Test worker] evenT.happy.HappyApplicationTests        : Starting HappyApplicationTests using Java 17.0.12 with PID 18716 (started by isaac in C:\Users\isaac\OneDrive\바탕 화면\evenT\happy)
2024-12-18T21:26:46.133+09:00  INFO 18716 --- [    Test worker] evenT.happy.HappyApplicationTests        : No active profile set, falling back to 1 default profile: "default"
2024-12-18T21:26:48.061+09:00  INFO 18716 --- [    Test worker] .s.d.r.c.RepositoryConfigurationDelegate : Multiple Spring Data modules found, entering strict repository configuration mode
2024-12-18T21:26:48.064+09:00  INFO 18716 --- [    Test worker] .s.d.r.c.RepositoryConfigurationDelegate : Bootstrapping Spring Data MongoDB repositories in DEFAULT mode.
2024-12-18T21:26:48.769+09:00  INFO 18716 --- [    Test worker] .s.d.r.c.RepositoryConfigurationDelegate : Finished Spring Data repository scanning in 688 ms. Found 3 MongoDB repository interfaces.
2024-12-18T21:26:49.410+09:00  INFO 18716 --- [    Test worker] .s.d.r.c.RepositoryConfigurationDelegate : Multiple Spring Data modules found, entering strict repository configuration mode
2024-12-18T21:26:49.413+09:00  INFO 18716 --- [    Test worker] .s.d.r.c.RepositoryConfigurationDelegate : Bootstrapping Spring Data Redis repositories in DEFAULT mode.
2024-12-18T21:26:49.529+09:00  INFO 18716 --- [    Test worker] .RepositoryConfigurationExtensionSupport : Spring Data Redis - Could not safely identify store assignment for repository candidate interface evenT.happy.repository.ClosetRepository; If you want this repository to be a Redis repository, consider annotating your entities with one of these annotations: org.springframework.data.redis.core.RedisHash (preferred), or consider extending one of the following types with your repository: org.springframework.data.keyvalue.repository.KeyValueRepository
2024-12-18T21:26:49.529+09:00  INFO 18716 --- [    Test worker] .RepositoryConfigurationExtensionSupport : Spring Data Redis - Could not safely identify store assignment for repository candidate interface evenT.happy.repository.TestRepository; If you want this repository to be a Redis repository, consider annotating your entities with one of these annotations: org.springframework.data.redis.core.RedisHash (preferred), or consider extending one of the following types with your repository: org.springframework.data.keyvalue.repository.KeyValueRepository
2024-12-18T21:26:49.529+09:00  INFO 18716 --- [    Test worker] .RepositoryConfigurationExtensionSupport : Spring Data Redis - Could not safely identify store assignment for repository candidate interface evenT.happy.repository.UserRepository; If you want this repository to be a Redis repository, consider annotating your entities with one of these annotations: org.springframework.data.redis.core.RedisHash (preferred), or consider extending one of the following types with your repository: org.springframework.data.keyvalue.repository.KeyValueRepository
2024-12-18T21:26:49.530+09:00  INFO 18716 --- [    Test worker] .s.d.r.c.RepositoryConfigurationDelegate : Finished Spring Data repository scanning in 98 ms. Found 0 Redis repository interfaces.
2024-12-18T21:26:55.793+09:00  INFO 18716 --- [l1u.mongodb.net] org.mongodb.driver.cluster               : Adding discovered server isaac-shard-00-00.2ql1u.mongodb.net:27017 to client view of cluster
2024-12-18T21:26:55.918+09:00  INFO 18716 --- [    Test worker] org.mongodb.driver.client                : MongoClient with metadata {"application": {"name": "isaac"}, "driver": {"name": "mongo-java-driver|sync|spring-boot", "version": "5.0.1"}, "os": {"type": "Windows", "name": "Windows 11", "architecture": "amd64", "version": "10.0"}, "platform": "Java/Amazon.com Inc./17.0.12+7-LTS"} created with settings MongoClientSettings{readPreference=primary, writeConcern=WriteConcern{w=majority, wTimeout=null ms, journal=null}, retryWrites=true, retryReads=true, readConcern=ReadConcern{level=null}, credential=MongoCredential{mechanism=null, userName='isaac815', source='admin', password=<hidden>, mechanismProperties=<hidden>}, transportSettings=null, commandListeners=[], codecRegistry=ProvidersCodecRegistry{codecProviders=[ValueCodecProvider{}, BsonValueCodecProvider{}, DBRefCodecProvider{}, DBObjectCodecProvider{}, DocumentCodecProvider{}, CollectionCodecProvider{}, IterableCodecProvider{}, MapCodecProvider{}, GeoJsonCodecProvider{}, GridFSFileCodecProvider{}, Jsr310CodecProvider{}, JsonObjectCodecProvider{}, BsonCodecProvider{}, EnumCodecProvider{}, com.mongodb.client.model.mql.ExpressionCodecProvider@24955144, com.mongodb.Jep395RecordCodecProvider@9d2af36, com.mongodb.KotlinCodecProvider@740ad32e]}, loggerSettings=LoggerSettings{maxDocumentLength=1000}, clusterSettings={hosts=[127.0.0.1:27017], srvHost=isaac.2ql1u.mongodb.net, srvServiceName=mongodb, mode=MULTIPLE, requiredClusterType=REPLICA_SET, requiredReplicaSetName='atlas-14hrmc-shard-0', serverSelector='null', clusterListeners='[]', serverSelectionTimeout='30000 ms', localThreshold='15 ms'}, socketSettings=SocketSettings{connectTimeoutMS=10000, readTimeoutMS=0, receiveBufferSize=0, proxySettings=ProxySettings{host=null, port=null, username=null, password=null}}, heartbeatSocketSettings=SocketSettings{connectTimeoutMS=10000, readTimeoutMS=10000, receiveBufferSize=0, proxySettings=ProxySettings{host=null, port=null, username=null, password=null}}, connectionPoolSettings=ConnectionPoolSettings{maxSize=100, minSize=0, maxWaitTimeMS=120000, maxConnectionLifeTimeMS=0, maxConnectionIdleTimeMS=0, maintenanceInitialDelayMS=0, maintenanceFrequencyMS=60000, connectionPoolListeners=[], maxConnecting=2}, serverSettings=ServerSettings{heartbeatFrequencyMS=10000, minHeartbeatFrequencyMS=500, serverListeners='[]', serverMonitorListeners='[]'}, sslSettings=SslSettings{enabled=true, invalidHostNameAllowed=false, context=null}, applicationName='isaac', compressorList=[], uuidRepresentation=JAVA_LEGACY, serverApi=null, autoEncryptionSettings=null, dnsClient=null, inetAddressResolver=null, contextProvider=null}
2024-12-18T21:26:55.954+09:00  INFO 18716 --- [l1u.mongodb.net] org.mongodb.driver.cluster               : Adding discovered server isaac-shard-00-01.2ql1u.mongodb.net:27017 to client view of cluster
2024-12-18T21:26:55.987+09:00  INFO 18716 --- [l1u.mongodb.net] org.mongodb.driver.cluster               : Adding discovered server isaac-shard-00-02.2ql1u.mongodb.net:27017 to client view of cluster
2024-12-18T21:26:57.462+09:00  INFO 18716 --- [ngodb.net:27017] org.mongodb.driver.cluster               : Monitor thread successfully connected to server with description ServerDescription{address=isaac-shard-00-02.2ql1u.mongodb.net:27017, type=REPLICA_SET_PRIMARY, state=CONNECTED, ok=true, minWireVersion=0, maxWireVersion=25, maxDocumentSize=16777216, logicalSessionTimeoutMinutes=30, roundTripTimeNanos=933434900, setName='atlas-14hrmc-shard-0', canonicalAddress=isaac-shard-00-02.2ql1u.mongodb.net:27017, hosts=[isaac-shard-00-02.2ql1u.mongodb.net:27017, isaac-shard-00-01.2ql1u.mongodb.net:27017, isaac-shard-00-00.2ql1u.mongodb.net:27017], passives=[], arbiters=[], primary='isaac-shard-00-02.2ql1u.mongodb.net:27017', tagSet=TagSet{[Tag{name='availabilityZone', value='apne2-az2'}, Tag{name='diskState', value='READY'}, Tag{name='nodeType', value='ELECTABLE'}, Tag{name='provider', value='AWS'}, Tag{name='region', value='AP_NORTHEAST_2'}, Tag{name='workloadType', value='OPERATIONAL'}]}, electionId=7fffffff00000000000000b3, setVersion=18, topologyVersion=TopologyVersion{processId=6759c697ba83e9f153fb1130, counter=6}, lastWriteDate=Wed Dec 18 21:26:57 KST 2024, lastUpdateTimeNanos=196871402932900}
2024-12-18T21:26:57.487+09:00  INFO 18716 --- [ngodb.net:27017] org.mongodb.driver.cluster               : Discovered replica set primary isaac-shard-00-02.2ql1u.mongodb.net:27017 with max election id 7fffffff00000000000000b3 and max set version 18
2024-12-18T21:26:57.587+09:00  INFO 18716 --- [ngodb.net:27017] org.mongodb.driver.cluster               : Monitor thread successfully connected to server with description ServerDescription{address=isaac-shard-00-01.2ql1u.mongodb.net:27017, type=REPLICA_SET_SECONDARY, state=CONNECTED, ok=true, minWireVersion=0, maxWireVersion=25, maxDocumentSize=16777216, logicalSessionTimeoutMinutes=30, roundTripTimeNanos=1058178400, setName='atlas-14hrmc-shard-0', canonicalAddress=isaac-shard-00-01.2ql1u.mongodb.net:27017, hosts=[isaac-shard-00-02.2ql1u.mongodb.net:27017, isaac-shard-00-01.2ql1u.mongodb.net:27017, isaac-shard-00-00.2ql1u.mongodb.net:27017], passives=[], arbiters=[], primary='isaac-shard-00-02.2ql1u.mongodb.net:27017', tagSet=TagSet{[Tag{name='availabilityZone', value='apne2-az3'}, Tag{name='diskState', value='READY'}, Tag{name='nodeType', value='ELECTABLE'}, Tag{name='provider', value='AWS'}, Tag{name='region', value='AP_NORTHEAST_2'}, Tag{name='workloadType', value='OPERATIONAL'}]}, electionId=null, setVersion=18, topologyVersion=TopologyVersion{processId=6759c6ca7aacc4028bf10ee3, counter=3}, lastWriteDate=Wed Dec 18 21:26:57 KST 2024, lastUpdateTimeNanos=196871528448600}
2024-12-18T21:26:57.611+09:00  INFO 18716 --- [ngodb.net:27017] org.mongodb.driver.cluster               : Monitor thread successfully connected to server with description ServerDescription{address=isaac-shard-00-00.2ql1u.mongodb.net:27017, type=REPLICA_SET_SECONDARY, state=CONNECTED, ok=true, minWireVersion=0, maxWireVersion=25, maxDocumentSize=16777216, logicalSessionTimeoutMinutes=30, roundTripTimeNanos=1081946800, setName='atlas-14hrmc-shard-0', canonicalAddress=isaac-shard-00-00.2ql1u.mongodb.net:27017, hosts=[isaac-shard-00-02.2ql1u.mongodb.net:27017, isaac-shard-00-01.2ql1u.mongodb.net:27017, isaac-shard-00-00.2ql1u.mongodb.net:27017], passives=[], arbiters=[], primary='isaac-shard-00-02.2ql1u.mongodb.net:27017', tagSet=TagSet{[Tag{name='availabilityZone', value='apne2-az1'}, Tag{name='diskState', value='READY'}, Tag{name='nodeType', value='ELECTABLE'}, Tag{name='provider', value='AWS'}, Tag{name='region', value='AP_NORTHEAST_2'}, Tag{name='workloadType', value='OPERATIONAL'}]}, electionId=null, setVersion=18, topologyVersion=TopologyVersion{processId=6759c664415a1b3f7e1a7e8c, counter=4}, lastWriteDate=Wed Dec 18 21:26:57 KST 2024, lastUpdateTimeNanos=196871552190400}
2024-12-18T21:26:58.199+09:00  INFO 18716 --- [    Test worker] r$InitializeUserDetailsManagerConfigurer : Global AuthenticationManager configured with UserDetailsService bean with name customUserDetailsService
2024-12-18T21:26:59.428+09:00 DEBUG 18716 --- [    Test worker] o.s.s.web.DefaultSecurityFilterChain     : Will secure any request with filters: DisableEncodeUrlFilter, WebAsyncManagerIntegrationFilter, SecurityContextHolderFilter, HeaderWriterFilter, LogoutFilter, RequestCacheAwareFilter, SecurityContextHolderAwareRequestFilter, AnonymousAuthenticationFilter, ExceptionTranslationFilter, AuthorizationFilter
2024-12-18T21:27:01.727+09:00  INFO 18716 --- [    Test worker] evenT.happy.HappyApplicationTests        : Started HappyApplicationTests in 15.882 seconds (process running for 19.668)
]]></system-out>
  <system-err><![CDATA[]]></system-err>
</testsuite>
