<?xml version="1.0" encoding="UTF-8"?>
<testsuite name="evenT.happy.HappyApplicationTests" tests="1" skipped="0" failures="0" errors="0" timestamp="2024-12-22T10:02:56" hostname="DESKTOP-PM9TRCH" time="0.06">
  <properties/>
  <testcase name="contextLoads()" classname="evenT.happy.HappyApplicationTests" time="0.06"/>
  <system-out><![CDATA[Standard Commons Logging discovery in action with spring-jcl: please remove commons-logging.jar from classpath in order to avoid potential conflicts
19:02:39.000 [Test worker] INFO org.springframework.test.context.support.AnnotationConfigContextLoaderUtils -- Could not detect default configuration classes for test class [evenT.happy.HappyApplicationTests]: HappyApplicationTests does not declare any static, non-private, non-final, nested classes annotated with @Configuration.
19:02:39.470 [Test worker] INFO org.springframework.boot.test.context.SpringBootTestContextBootstrapper -- Found @SpringBootConfiguration evenT.happy.HappyApplication for test class evenT.happy.HappyApplicationTests

  .   ____          _            __ _ _
 /\\ / ___'_ __ _ _(_)_ __  __ _ \ \ \ \
( ( )\___ | '_ | '_| | '_ \/ _` | \ \ \ \
 \\/  ___)| |_)| | | | | || (_| |  ) ) ) )
  '  |____| .__|_| |_|_| |_\__, | / / / /
 =========|_|==============|___/=/_/_/_/

 :: Spring Boot ::                (v3.3.5)

2024-12-22T19:02:40.817+09:00  INFO 11364 --- [    Test worker] evenT.happy.HappyApplicationTests        : Starting HappyApplicationTests using Java 17.0.12 with PID 11364 (started by isaac in C:\Users\isaac\OneDrive\바탕 화면\evenT\happy)
2024-12-22T19:02:40.822+09:00  INFO 11364 --- [    Test worker] evenT.happy.HappyApplicationTests        : No active profile set, falling back to 1 default profile: "default"
2024-12-22T19:02:43.301+09:00  INFO 11364 --- [    Test worker] .s.d.r.c.RepositoryConfigurationDelegate : Bootstrapping Spring Data MongoDB repositories in DEFAULT mode.
2024-12-22T19:02:43.894+09:00  INFO 11364 --- [    Test worker] .s.d.r.c.RepositoryConfigurationDelegate : Finished Spring Data repository scanning in 584 ms. Found 4 MongoDB repository interfaces.
2024-12-22T19:02:49.583+09:00  INFO 11364 --- [l1u.mongodb.net] org.mongodb.driver.cluster               : Adding discovered server isaac-shard-00-00.2ql1u.mongodb.net:27017 to client view of cluster
2024-12-22T19:02:49.730+09:00  INFO 11364 --- [    Test worker] org.mongodb.driver.client                : MongoClient with metadata {"application": {"name": "isaac"}, "driver": {"name": "mongo-java-driver|sync|spring-boot", "version": "5.0.1"}, "os": {"type": "Windows", "name": "Windows 11", "architecture": "amd64", "version": "10.0"}, "platform": "Java/Amazon.com Inc./17.0.12+7-LTS"} created with settings MongoClientSettings{readPreference=primary, writeConcern=WriteConcern{w=majority, wTimeout=null ms, journal=null}, retryWrites=true, retryReads=true, readConcern=ReadConcern{level=null}, credential=MongoCredential{mechanism=null, userName='isaac815', source='admin', password=<hidden>, mechanismProperties=<hidden>}, transportSettings=null, commandListeners=[], codecRegistry=ProvidersCodecRegistry{codecProviders=[ValueCodecProvider{}, BsonValueCodecProvider{}, DBRefCodecProvider{}, DBObjectCodecProvider{}, DocumentCodecProvider{}, CollectionCodecProvider{}, IterableCodecProvider{}, MapCodecProvider{}, GeoJsonCodecProvider{}, GridFSFileCodecProvider{}, Jsr310CodecProvider{}, JsonObjectCodecProvider{}, BsonCodecProvider{}, EnumCodecProvider{}, com.mongodb.client.model.mql.ExpressionCodecProvider@6fefc5ea, com.mongodb.Jep395RecordCodecProvider@6159fb3c, com.mongodb.KotlinCodecProvider@68f79b7c]}, loggerSettings=LoggerSettings{maxDocumentLength=1000}, clusterSettings={hosts=[127.0.0.1:27017], srvHost=isaac.2ql1u.mongodb.net, srvServiceName=mongodb, mode=MULTIPLE, requiredClusterType=REPLICA_SET, requiredReplicaSetName='atlas-14hrmc-shard-0', serverSelector='null', clusterListeners='[]', serverSelectionTimeout='30000 ms', localThreshold='15 ms'}, socketSettings=SocketSettings{connectTimeoutMS=10000, readTimeoutMS=0, receiveBufferSize=0, proxySettings=ProxySettings{host=null, port=null, username=null, password=null}}, heartbeatSocketSettings=SocketSettings{connectTimeoutMS=10000, readTimeoutMS=10000, receiveBufferSize=0, proxySettings=ProxySettings{host=null, port=null, username=null, password=null}}, connectionPoolSettings=ConnectionPoolSettings{maxSize=100, minSize=0, maxWaitTimeMS=120000, maxConnectionLifeTimeMS=0, maxConnectionIdleTimeMS=0, maintenanceInitialDelayMS=0, maintenanceFrequencyMS=60000, connectionPoolListeners=[], maxConnecting=2}, serverSettings=ServerSettings{heartbeatFrequencyMS=10000, minHeartbeatFrequencyMS=500, serverListeners='[]', serverMonitorListeners='[]'}, sslSettings=SslSettings{enabled=true, invalidHostNameAllowed=false, context=null}, applicationName='isaac', compressorList=[], uuidRepresentation=JAVA_LEGACY, serverApi=null, autoEncryptionSettings=null, dnsClient=null, inetAddressResolver=null, contextProvider=null}
2024-12-22T19:02:49.755+09:00  INFO 11364 --- [l1u.mongodb.net] org.mongodb.driver.cluster               : Adding discovered server isaac-shard-00-02.2ql1u.mongodb.net:27017 to client view of cluster
2024-12-22T19:02:49.767+09:00  INFO 11364 --- [l1u.mongodb.net] org.mongodb.driver.cluster               : Adding discovered server isaac-shard-00-01.2ql1u.mongodb.net:27017 to client view of cluster
2024-12-22T19:02:51.234+09:00  INFO 11364 --- [ngodb.net:27017] org.mongodb.driver.cluster               : Monitor thread successfully connected to server with description ServerDescription{address=isaac-shard-00-01.2ql1u.mongodb.net:27017, type=REPLICA_SET_SECONDARY, state=CONNECTED, ok=true, minWireVersion=0, maxWireVersion=25, maxDocumentSize=16777216, logicalSessionTimeoutMinutes=30, roundTripTimeNanos=702422000, setName='atlas-14hrmc-shard-0', canonicalAddress=isaac-shard-00-01.2ql1u.mongodb.net:27017, hosts=[isaac-shard-00-02.2ql1u.mongodb.net:27017, isaac-shard-00-01.2ql1u.mongodb.net:27017, isaac-shard-00-00.2ql1u.mongodb.net:27017], passives=[], arbiters=[], primary='isaac-shard-00-02.2ql1u.mongodb.net:27017', tagSet=TagSet{[Tag{name='availabilityZone', value='apne2-az3'}, Tag{name='diskState', value='READY'}, Tag{name='nodeType', value='ELECTABLE'}, Tag{name='provider', value='AWS'}, Tag{name='region', value='AP_NORTHEAST_2'}, Tag{name='workloadType', value='OPERATIONAL'}]}, electionId=null, setVersion=21, topologyVersion=TopologyVersion{processId=676511b49a672b936cfe04aa, counter=3}, lastWriteDate=Sun Dec 22 19:02:51 KST 2024, lastUpdateTimeNanos=261299299818800}
2024-12-22T19:02:51.234+09:00  INFO 11364 --- [ngodb.net:27017] org.mongodb.driver.cluster               : Monitor thread successfully connected to server with description ServerDescription{address=isaac-shard-00-00.2ql1u.mongodb.net:27017, type=REPLICA_SET_SECONDARY, state=CONNECTED, ok=true, minWireVersion=0, maxWireVersion=25, maxDocumentSize=16777216, logicalSessionTimeoutMinutes=30, roundTripTimeNanos=698346900, setName='atlas-14hrmc-shard-0', canonicalAddress=isaac-shard-00-00.2ql1u.mongodb.net:27017, hosts=[isaac-shard-00-02.2ql1u.mongodb.net:27017, isaac-shard-00-01.2ql1u.mongodb.net:27017, isaac-shard-00-00.2ql1u.mongodb.net:27017], passives=[], arbiters=[], primary='isaac-shard-00-02.2ql1u.mongodb.net:27017', tagSet=TagSet{[Tag{name='availabilityZone', value='apne2-az1'}, Tag{name='diskState', value='READY'}, Tag{name='nodeType', value='ELECTABLE'}, Tag{name='provider', value='AWS'}, Tag{name='region', value='AP_NORTHEAST_2'}, Tag{name='workloadType', value='OPERATIONAL'}]}, electionId=null, setVersion=21, topologyVersion=TopologyVersion{processId=67651099db07261b54d70aa9, counter=4}, lastWriteDate=Sun Dec 22 19:02:51 KST 2024, lastUpdateTimeNanos=261299300497800}
2024-12-22T19:02:51.235+09:00  INFO 11364 --- [ngodb.net:27017] org.mongodb.driver.cluster               : Monitor thread successfully connected to server with description ServerDescription{address=isaac-shard-00-02.2ql1u.mongodb.net:27017, type=REPLICA_SET_PRIMARY, state=CONNECTED, ok=true, minWireVersion=0, maxWireVersion=25, maxDocumentSize=16777216, logicalSessionTimeoutMinutes=30, roundTripTimeNanos=702466200, setName='atlas-14hrmc-shard-0', canonicalAddress=isaac-shard-00-02.2ql1u.mongodb.net:27017, hosts=[isaac-shard-00-02.2ql1u.mongodb.net:27017, isaac-shard-00-01.2ql1u.mongodb.net:27017, isaac-shard-00-00.2ql1u.mongodb.net:27017], passives=[], arbiters=[], primary='isaac-shard-00-02.2ql1u.mongodb.net:27017', tagSet=TagSet{[Tag{name='availabilityZone', value='apne2-az2'}, Tag{name='diskState', value='READY'}, Tag{name='nodeType', value='ELECTABLE'}, Tag{name='provider', value='AWS'}, Tag{name='region', value='AP_NORTHEAST_2'}, Tag{name='workloadType', value='OPERATIONAL'}]}, electionId=7fffffff00000000000000b5, setVersion=21, topologyVersion=TopologyVersion{processId=67650fa3a657ceebeff8ef3f, counter=6}, lastWriteDate=Sun Dec 22 19:02:51 KST 2024, lastUpdateTimeNanos=261299299823400}
2024-12-22T19:02:51.255+09:00  INFO 11364 --- [ngodb.net:27017] org.mongodb.driver.cluster               : Discovered replica set primary isaac-shard-00-02.2ql1u.mongodb.net:27017 with max election id 7fffffff00000000000000b5 and max set version 21
2024-12-22T19:02:51.963+09:00 DEBUG 11364 --- [    Test worker] swordEncoderAuthenticationManagerBuilder : No authenticationProviders and no parentAuthenticationManager defined. Returning null.
2024-12-22T19:02:54.950+09:00 DEBUG 11364 --- [    Test worker] o.s.s.web.DefaultSecurityFilterChain     : Will secure any request with filters: DisableEncodeUrlFilter, WebAsyncManagerIntegrationFilter, SecurityContextHolderFilter, HeaderWriterFilter, LogoutFilter, RequestCacheAwareFilter, SecurityContextHolderAwareRequestFilter, AnonymousAuthenticationFilter, ExceptionTranslationFilter, AuthorizationFilter
2024-12-22T19:02:56.930+09:00  INFO 11364 --- [    Test worker] evenT.happy.HappyApplicationTests        : Started HappyApplicationTests in 16.933 seconds (process running for 20.978)
]]></system-out>
  <system-err><![CDATA[]]></system-err>
</testsuite>
